2019-08-23 16:44:55,516 INFO o.a.j.u.JMeterUtils: Setting Locale to en_IN
2019-08-23 16:44:55,583 INFO o.a.j.JMeter: Loading user properties from: user.properties
2019-08-23 16:44:55,584 INFO o.a.j.JMeter: Loading system properties from: system.properties
2019-08-23 16:44:55,606 INFO o.a.j.JMeter: Copyright (c) 1998-2019 The Apache Software Foundation
2019-08-23 16:44:55,606 INFO o.a.j.JMeter: Version 5.1.1 r1855137
2019-08-23 16:44:55,606 INFO o.a.j.JMeter: java.version=10.0.1
2019-08-23 16:44:55,607 INFO o.a.j.JMeter: java.vm.name=Java HotSpot(TM) 64-Bit Server VM
2019-08-23 16:44:55,607 INFO o.a.j.JMeter: os.name=Mac OS X
2019-08-23 16:44:55,607 INFO o.a.j.JMeter: os.arch=x86_64
2019-08-23 16:44:55,607 INFO o.a.j.JMeter: os.version=10.13.5
2019-08-23 16:44:55,607 INFO o.a.j.JMeter: file.encoding=UTF-8
2019-08-23 16:44:55,607 INFO o.a.j.JMeter: java.awt.headless=null
2019-08-23 16:44:55,607 INFO o.a.j.JMeter: Max memory     =2147483648
2019-08-23 16:44:55,607 INFO o.a.j.JMeter: Available Processors =4
2019-08-23 16:44:55,614 INFO o.a.j.JMeter: Default Locale=English (India)
2019-08-23 16:44:55,614 INFO o.a.j.JMeter: JMeter  Locale=English (India)
2019-08-23 16:44:55,614 INFO o.a.j.JMeter: JMeterHome=/Users/kiwitech/Downloads/apache-jmeter-5.1.1
2019-08-23 16:44:55,614 INFO o.a.j.JMeter: user.dir  =/Users/kiwitech/Downloads/apache-jmeter-5.1.1/bin
2019-08-23 16:44:55,614 INFO o.a.j.JMeter: PWD       =/Users/kiwitech/Downloads/apache-jmeter-5.1.1/bin
2019-08-23 16:44:55,618 INFO o.a.j.JMeter: IP: 172.16.149.145 Name: abhi.local FullName: 172.16.149.145
2019-08-23 16:44:58,249 INFO o.a.j.g.a.LookAndFeelCommand: Installing Darcula LAF
2019-08-23 16:44:58,257 INFO o.a.j.g.a.LookAndFeelCommand: Using look and feel: com.apple.laf.AquaLookAndFeel [Darcula]
2019-08-23 16:44:58,258 INFO o.a.j.JMeter: Setting LAF to: com.apple.laf.AquaLookAndFeel
2019-08-23 16:44:58,264 INFO o.a.j.JMeter: Loaded icon properties from org/apache/jmeter/images/icon.properties
2019-08-23 16:45:03,426 WARN o.j.r.PluginManagerMenuCreator: Was unable to install pmgr cmdline tool
java.nio.file.NoSuchFileException: /Users/kiwitech/Downloads/bin/PluginsManagerCMD.bat
	at sun.nio.fs.UnixException.translateToIOException(Unknown Source) ~[?:?]
	at sun.nio.fs.UnixException.rethrowAsIOException(Unknown Source) ~[?:?]
	at sun.nio.fs.UnixException.rethrowAsIOException(Unknown Source) ~[?:?]
	at sun.nio.fs.UnixFileSystemProvider.newByteChannel(Unknown Source) ~[?:?]
	at java.nio.file.spi.FileSystemProvider.newOutputStream(Unknown Source) ~[?:?]
	at java.nio.file.Files.newOutputStream(Unknown Source) ~[?:?]
	at java.nio.file.Files.copy(Unknown Source) ~[?:?]
	at org.jmeterplugins.repository.PluginManagerCMDInstaller.writeOut(PluginManagerCMDInstaller.java:24) ~[jmeter-plugins-manager-1.3.jar:?]
	at org.jmeterplugins.repository.PluginManagerCMDInstaller.main(PluginManagerCMDInstaller.java:12) ~[jmeter-plugins-manager-1.3.jar:?]
	at org.jmeterplugins.repository.PluginManagerMenuCreator.getMenuItemsAtLocation(PluginManagerMenuCreator.java:16) [jmeter-plugins-manager-1.3.jar:?]
	at org.apache.jmeter.gui.util.JMeterMenuBar.addPluginsMenuItems(JMeterMenuBar.java:554) [ApacheJMeter_core.jar:5.1.1 r1855137]
	at org.apache.jmeter.gui.util.JMeterMenuBar.makeOptionsMenu(JMeterMenuBar.java:325) [ApacheJMeter_core.jar:5.1.1 r1855137]
	at org.apache.jmeter.gui.util.JMeterMenuBar.createMenuBar(JMeterMenuBar.java:198) [ApacheJMeter_core.jar:5.1.1 r1855137]
	at org.apache.jmeter.gui.util.JMeterMenuBar.<init>(JMeterMenuBar.java:113) [ApacheJMeter_core.jar:5.1.1 r1855137]
	at org.apache.jmeter.gui.MainFrame.init(MainFrame.java:495) [ApacheJMeter_core.jar:5.1.1 r1855137]
	at org.apache.jmeter.gui.MainFrame.<init>(MainFrame.java:224) [ApacheJMeter_core.jar:5.1.1 r1855137]
	at org.apache.jmeter.JMeter.startGui(JMeter.java:397) [ApacheJMeter_core.jar:5.1.1 r1855137]
	at org.apache.jmeter.JMeter.start(JMeter.java:544) [ApacheJMeter_core.jar:5.1.1 r1855137]
	at jdk.internal.reflect.NativeMethodAccessorImpl.invoke0(Native Method) ~[?:?]
	at jdk.internal.reflect.NativeMethodAccessorImpl.invoke(Unknown Source) ~[?:?]
	at jdk.internal.reflect.DelegatingMethodAccessorImpl.invoke(Unknown Source) ~[?:?]
	at java.lang.reflect.Method.invoke(Unknown Source) ~[?:?]
	at org.apache.jmeter.NewDriver.main(NewDriver.java:253) [ApacheJMeter.jar:5.1.1 r1855137]
2019-08-23 16:45:03,533 WARN o.j.r.PluginManager: Found JAR conflict: /Users/kiwitech/Downloads/apache-jmeter-5.1.1/lib/ext/groovy-json-2.1.1.jar and /Users/kiwitech/Downloads/apache-jmeter-5.1.1/lib/groovy-json-2.1.1.jar
2019-08-23 16:45:03,534 WARN o.j.r.PluginManager: Found JAR conflict: /Users/kiwitech/Downloads/apache-jmeter-5.1.1/lib/ext/javax-crypto.jar and /Users/kiwitech/Downloads/apache-jmeter-5.1.1/lib/javax-crypto.jar
2019-08-23 16:45:03,535 WARN o.j.r.PluginManager: Found JAR conflict: /Users/kiwitech/Downloads/apache-jmeter-5.1.1/lib/ext/jmeter-plugins-manager-1.3.jar and /Users/kiwitech/Downloads/apache-jmeter-5.1.1/lib/jmeter-plugins-manager-1.3.jar
2019-08-23 16:45:03,596 INFO o.j.r.JARSourceHTTP: Requesting https://jmeter-plugins.org/repo/?installID=mac_os_x-e2a59e57ac9f5a6159d96e8daac3a1e9-gui
2019-08-23 16:45:07,264 WARN o.j.r.Plugin: Unable to load class: com.atlantbh.jmeter.plugins.oauth.OAuthSampler
java.lang.NoClassDefFoundError: org/apache/jmeter/protocol/http/sampler/HTTPSampler2
	at java.lang.ClassLoader.defineClass1(Native Method) ~[?:?]
	at java.lang.ClassLoader.defineClass(Unknown Source) ~[?:?]
	at java.security.SecureClassLoader.defineClass(Unknown Source) ~[?:?]
	at java.net.URLClassLoader.defineClass(Unknown Source) ~[?:?]
	at java.net.URLClassLoader.access$100(Unknown Source) ~[?:?]
	at java.net.URLClassLoader$1.run(Unknown Source) ~[?:?]
	at java.net.URLClassLoader$1.run(Unknown Source) ~[?:?]
	at java.security.AccessController.doPrivileged(Native Method) ~[?:?]
	at java.net.URLClassLoader.findClass(Unknown Source) ~[?:?]
	at java.lang.ClassLoader.loadClass(Unknown Source) ~[?:?]
	at java.lang.ClassLoader.loadClass(Unknown Source) ~[?:?]
	at org.jmeterplugins.repository.Plugin.getJARPath(Plugin.java:202) [jmeter-plugins-manager-1.3.jar:?]
	at org.jmeterplugins.repository.Plugin.detectInstalledPlugin(Plugin.java:108) [jmeter-plugins-manager-1.3.jar:?]
	at org.jmeterplugins.repository.Plugin.detectInstalled(Plugin.java:97) [jmeter-plugins-manager-1.3.jar:?]
	at org.jmeterplugins.repository.PluginManager.load(PluginManager.java:86) [jmeter-plugins-manager-1.3.jar:?]
	at org.jmeterplugins.repository.PluginManagerMenuItem$1.run(PluginManagerMenuItem.java:41) [jmeter-plugins-manager-1.3.jar:?]
Caused by: java.lang.ClassNotFoundException: org.apache.jmeter.protocol.http.sampler.HTTPSampler2
	at java.net.URLClassLoader.findClass(Unknown Source) ~[?:?]
	at java.lang.ClassLoader.loadClass(Unknown Source) ~[?:?]
	at java.lang.ClassLoader.loadClass(Unknown Source) ~[?:?]
	... 16 more
2019-08-23 16:45:07,272 INFO o.j.r.PluginManager: Plugins Status: [jpgc-graphs-basic=2.0, jpgc-graphs-additional=2.0, jpgc-autostop=0.1, blazemeter-debugger=0.6, jpgc-sense=3.5, netflix-cassandra=0.2-SNAPSHOT, jpgc-cmd=2.2, jpgc-graphs-composite=2.0, jpgc-csl=0.1, jpgc-functions=2.1, custom-soap=1.3.3, jpgc-casutg=2.9, jpgc-dbmon=0.1, jpgc-directory-listing=0.2, jpgc-graphs-dist=2.0, jpgc-dummy=0.4, jmeter.backendlistener.elasticsearch=2.6.7, jpgc-filterresults=2.2, jpgc-ffw=2.0, jpgc-ggl=2.0, bzm-hls=1.3, jpgc-httpraw=0.1, jpgc-sts=2.4, bzm-http2=1.4, jpgc-hadoop=2.0, jpgc-fifo=0.2, jpgc-jms=0.2, jpgc-jmxmon=0.2, jmeter.pack-listener=1.7, jpgc-json=2.7, jpgc-graphs-vs=2.0, kafkameter=0.2.0, jmeter.backendlistener.kafka=1.0.0, jpgc-lockfile=0.1, mqtt-sampler=0.0.1-SNAPSHOT, jpgc-mergeresults=2.1, jpgc-pde=0.1, bzm-parallel=0.9, jpgc-prmctl=0.4, jpgc-perfmon=2.1, jpgc-plugins-manager=1.3, bzm-rte=1.1.1, bzm-random-csv=0.6, jpgc-redis=0.3, jpgc-rotating-listener=0.2, ssh-sampler=1.1.1-SNAPSHOT, tilln-sshmon=1.2, jpgc-webdriver=3.0, bzm-siebel=0.1.0-beta, jpgc-synthesis=2.2, jpgc-plancheck=2.4, jpgc-tst=2.5, jpgc-udp=0.4, jpgc-csvars=0.1, tilln-wssecurity=1.6, websocket-sampler=1.0.2-SNAPSHOT, websocket-samplers=1.2.1, jpgc-wsc=0.7, jpgc-xml=0.1, jpgc-xmpp=1.5.1, jmeter-core=5.1.1, jmeter-ftp=5.1.1, jmeter-http=5.1.1, jmeter-jdbc=5.1.1, jmeter-jms=5.1.1, jmeter-junit=5.1.1, jmeter-java=5.1.1, jmeter-ldap=5.1.1, jmeter-mail=5.1.1, jmeter-mongodb=5.1.1, jmeter-native=5.1.1, jmeter-tcp=5.1.1, jmeter-components=5.1.1, jpgc-standard=2.0]
2019-08-23 16:45:07,282 INFO o.j.r.PluginManagerMenuItem: Plugins Manager has upgrades: [jpgc-directory-listing, jmeter.backendlistener.elasticsearch, bzm-rte, jpgc-webdriver, tilln-wssecurity, websocket-samplers]
2019-08-23 16:45:07,411 INFO o.a.j.e.KeyToolUtils: keytool found at 'keytool'
2019-08-23 16:45:07,413 INFO o.a.j.p.h.p.ProxyControl: HTTP(S) Test Script Recorder SSL Proxy will use keys that support embedded 3rd party resources in file /Users/kiwitech/Downloads/apache-jmeter-5.1.1/bin/proxyserver.jks
2019-08-23 16:45:07,587 INFO o.a.j.p.h.s.HTTPSamplerBase: Parser for text/html is org.apache.jmeter.protocol.http.parser.LagartoBasedHtmlParser
2019-08-23 16:45:07,587 INFO o.a.j.p.h.s.HTTPSamplerBase: Parser for application/xhtml+xml is org.apache.jmeter.protocol.http.parser.LagartoBasedHtmlParser
2019-08-23 16:45:07,588 INFO o.a.j.p.h.s.HTTPSamplerBase: Parser for application/xml is org.apache.jmeter.protocol.http.parser.LagartoBasedHtmlParser
2019-08-23 16:45:07,588 INFO o.a.j.p.h.s.HTTPSamplerBase: Parser for text/xml is org.apache.jmeter.protocol.http.parser.LagartoBasedHtmlParser
2019-08-23 16:45:07,588 INFO o.a.j.p.h.s.HTTPSamplerBase: Parser for text/vnd.wap.wml is org.apache.jmeter.protocol.http.parser.RegexpHTMLParser
2019-08-23 16:45:07,588 INFO o.a.j.p.h.s.HTTPSamplerBase: Parser for text/css is org.apache.jmeter.protocol.http.parser.CssParser
2019-08-23 16:45:07,651 WARN o.a.j.u.JMeterUtils: no icon for toolbar/19x19arrow-right-3.png
2019-08-23 16:45:07,656 INFO o.a.j.s.SampleResult: Note: Sample TimeStamps are START times
2019-08-23 16:45:07,656 INFO o.a.j.s.SampleResult: sampleresult.default.encoding is set to ISO-8859-1
2019-08-23 16:45:07,657 INFO o.a.j.s.SampleResult: sampleresult.useNanoTime=true
2019-08-23 16:45:07,657 INFO o.a.j.s.SampleResult: sampleresult.nanoThreadSleep=5000
2019-08-23 16:45:09,937 WARN o.a.j.g.ObjectTableModel: Header count=13 but classes count=11
2019-08-23 16:45:09,938 WARN o.a.j.g.ObjectTableModel: Header count=13 but writeFunctor count=11
2019-08-23 16:45:12,337 INFO o.a.j.s.FileServer: Default base='/Users/kiwitech/Downloads/apache-jmeter-5.1.1/bin'
2019-08-23 16:45:27,531 INFO o.a.j.g.a.Load: Loading file: /Users/kiwitech/Downloads/Empeqvisibility.jmx
2019-08-23 16:45:27,532 INFO o.a.j.s.FileServer: Set new base='/Users/kiwitech/Downloads'
2019-08-23 16:45:27,784 INFO o.a.j.s.SaveService: Testplan (JMX) version: 2.2. Testlog (JTL) version: 2.2
2019-08-23 16:45:27,801 INFO o.a.j.s.SaveService: Using SaveService properties version 5.0
2019-08-23 16:45:27,804 INFO o.a.j.s.SaveService: Using SaveService properties file encoding UTF-8
2019-08-23 16:45:27,807 INFO o.a.j.s.SaveService: Loading file: /Users/kiwitech/Downloads/Empeqvisibility.jmx
2019-08-23 16:45:29,060 INFO o.a.j.s.FileServer: Set new base='/Users/kiwitech/Downloads'
2019-08-23 16:45:33,324 INFO o.a.j.e.StandardJMeterEngine: Running the test!
2019-08-23 16:45:33,326 INFO o.a.j.s.SampleEvent: List of sample_variables: []
2019-08-23 16:45:33,326 INFO o.a.j.s.SampleEvent: List of sample_variables: []
2019-08-23 16:45:33,332 INFO o.a.j.e.u.CompoundVariable: Note: Function class names must contain the string: '.functions.'
2019-08-23 16:45:33,333 INFO o.a.j.e.u.CompoundVariable: Note: Function class names must not contain the string: '.gui.'
2019-08-23 16:45:33,825 INFO o.a.j.g.u.JMeterMenuBar: setRunning(true, *local*)
2019-08-23 16:45:33,974 INFO o.a.j.e.StandardJMeterEngine: Starting ThreadGroup: 1 : Thread Group
2019-08-23 16:45:33,975 INFO o.a.j.e.StandardJMeterEngine: Starting 1 threads for group Thread Group.
2019-08-23 16:45:33,975 INFO o.a.j.e.StandardJMeterEngine: Thread will continue on error
2019-08-23 16:45:33,975 INFO o.a.j.t.ThreadGroup: Starting thread group... number=1 threads=1 ramp-up=1 delayedStart=false
2019-08-23 16:45:33,983 INFO o.a.j.t.ThreadGroup: Started thread group number 1
2019-08-23 16:45:33,985 INFO o.a.j.e.StandardJMeterEngine: All thread groups have been started
2019-08-23 16:45:33,987 INFO o.a.j.t.JMeterThread: Thread started: Thread Group 1-1
2019-08-23 16:45:34,014 INFO o.a.j.p.h.s.HTTPHCAbstractImpl: Local host = abhi.local
2019-08-23 16:45:34,031 INFO o.a.j.p.h.s.HTTPHC4Impl: HTTP request retry count = 0
2019-08-23 16:45:38,037 INFO o.a.j.t.JMeterThread: Thread is done: Thread Group 1-1
2019-08-23 16:45:38,045 INFO o.a.j.t.JMeterThread: Thread finished: Thread Group 1-1
2019-08-23 16:45:38,045 INFO o.a.j.e.StandardJMeterEngine: Notifying test listeners of end of test
2019-08-23 16:45:38,049 INFO o.a.j.g.u.JMeterMenuBar: setRunning(false, *local*)
2019-08-26 10:27:46,630 INFO o.a.j.g.a.Load: Loading file: /Users/kiwitech/Downloads/M_1.jmx
2019-08-26 10:27:46,750 INFO o.a.j.s.FileServer: Set new base='/Users/kiwitech/Downloads'
2019-08-26 10:27:46,750 INFO o.a.j.s.SaveService: Loading file: /Users/kiwitech/Downloads/M_1.jmx
2019-08-26 10:27:46,867 INFO o.a.j.p.h.c.CookieManager: Settings: Delete null: true Check: true Allow variable: true Save: false Prefix: COOKIE_
2019-08-26 10:27:46,890 INFO o.a.j.p.h.c.CacheManager: Will only cache the following methods: [GET]
2019-08-26 10:27:46,933 WARN e.l.j.w.WebsocketSampler: Detected Maciej Zaleski's WebSocket Sampler plugin is installed too, which is not compatible with this plugin (but both can co-exist).
2019-08-26 10:27:47,669 INFO o.a.j.s.FileServer: Set new base='/Users/kiwitech/Downloads'
2019-08-26 10:27:51,923 INFO o.a.j.g.a.Load: Loading file: /Users/kiwitech/Downloads/MarketPlacevalet.jmx
2019-08-26 10:27:51,924 INFO o.a.j.s.FileServer: Set new base='/Users/kiwitech/Downloads'
2019-08-26 10:27:51,924 INFO o.a.j.s.SaveService: Loading file: /Users/kiwitech/Downloads/MarketPlacevalet.jmx
2019-08-26 10:27:52,332 INFO o.a.j.s.FileServer: Set new base='/Users/kiwitech/Downloads'
2019-08-26 10:28:48,384 INFO o.a.j.e.StandardJMeterEngine: Running the test!
2019-08-26 10:28:48,401 INFO o.a.j.s.SampleEvent: List of sample_variables: []
2019-08-26 10:28:48,480 INFO o.a.j.g.u.JMeterMenuBar: setRunning(true, *local*)
2019-08-26 10:28:48,788 INFO o.a.j.e.StandardJMeterEngine: Starting ThreadGroup: 1 : Market place valet
2019-08-26 10:28:48,789 INFO o.a.j.e.StandardJMeterEngine: Starting 1 threads for group Market place valet.
2019-08-26 10:28:48,789 INFO o.a.j.e.StandardJMeterEngine: Thread will continue on error
2019-08-26 10:28:48,789 INFO o.a.j.t.ThreadGroup: Starting thread group... number=1 threads=1 ramp-up=1 delayedStart=false
2019-08-26 10:28:48,790 INFO o.a.j.t.ThreadGroup: Started thread group number 1
2019-08-26 10:28:48,790 INFO o.a.j.e.StandardJMeterEngine: All thread groups have been started
2019-08-26 10:28:48,791 INFO o.a.j.t.JMeterThread: Thread started: Market place valet 1-1
2019-08-26 10:28:49,170 INFO r.y.c.ClickHouseDriver: Driver registered
2019-08-26 10:28:49,201 INFO o.a.j.t.JMeterThread: Thread is done: Market place valet 1-1
2019-08-26 10:28:49,201 INFO o.a.j.t.JMeterThread: Thread finished: Market place valet 1-1
2019-08-26 10:28:49,201 INFO o.a.j.e.StandardJMeterEngine: Notifying test listeners of end of test
2019-08-26 10:28:49,202 INFO o.a.j.g.u.JMeterMenuBar: setRunning(false, *local*)
